# JRE version: OpenJDK Runtime Environment (21.0.1+12) (build 21.0.1+12-29)
# Java VM: OpenJDK 64-Bit Server VM (21.0.1+12-29, mixed mode, emulated-client, sharing, tiered, compressed oops, compressed class ptrs, g1 gc, windows-amd64)
GC Precious Log:
 CardTable entry size: 512
 Card Set container configuration: InlinePtr #cards 5 size 8 Array Of Cards #cards 12 size 40 Howl #buckets 4 coarsen threshold 1843 Howl Bitmap #cards 512 size 80 coarsen threshold 460 Card regions per heap region 1 cards per card region 2048
 CPUs: 4 total, 4 available
 Memory: 8112M
 Large Page Support: Disabled
 NUMA Support: Disabled
 Compressed Oops: Enabled (32-bit)
 Heap Region Size: 1M
 Heap Min Capacity: 8M
 Heap Initial Capacity: 128M
 Heap Max Capacity: 2030M
 Pre-touch: Disabled
 Parallel Workers: 4
 Concurrent Workers: 1
 Concurrent Refinement Workers: 4
 Periodic GC: Disabled
Heap:
 garbage-first heap   total 73728K, used 37254K [0x0000000081200000, 0x0000000100000000)
  region size 1024K, 4 young (4096K), 2 survivors (2048K)
 Metaspace       used 73576K, committed 74368K, reserved 1114112K
  class space    used 10548K, committed 10880K, reserved 1048576K
GC Heap History (20 events):
Event: 4.635 GC heap before
{Heap before GC invocations=8 (full 0):
 garbage-first heap   total 51200K, used 38852K [0x0000000081200000, 0x0000000100000000)
  region size 1024K, 22 young (22528K), 3 survivors (3072K)
 Metaspace       used 35618K, committed 36096K, reserved 1114112K
  class space    used 4913K, committed 5120K, reserved 1048576K
}
Event: 4.643 GC heap after
{Heap after GC invocations=9 (full 0):
 garbage-first heap   total 61440K, used 21562K [0x0000000081200000, 0x0000000100000000)
  region size 1024K, 2 young (2048K), 2 survivors (2048K)
 Metaspace       used 35618K, committed 36096K, reserved 1114112K
  class space    used 4913K, committed 5120K, reserved 1048576K
}
Event: 5.331 GC heap before
{Heap before GC invocations=10 (full 0):
 garbage-first heap   total 61440K, used 50234K [0x0000000081200000, 0x0000000100000000)
  region size 1024K, 30 young (30720K), 2 survivors (2048K)
 Metaspace       used 43041K, committed 43648K, reserved 1114112K
  class space    used 5958K, committed 6208K, reserved 1048576K
}
Event: 5.338 GC heap after
{Heap after GC invocations=11 (full 0):
 garbage-first heap   total 61440K, used 23710K [0x0000000081200000, 0x0000000100000000)
  region size 1024K, 4 young (4096K), 4 survivors (4096K)
 Metaspace       used 43041K, committed 43648K, reserved 1114112K
  class space    used 5958K, committed 6208K, reserved 1048576K
}
Event: 5.971 GC heap before
{Heap before GC invocations=11 (full 0):
 garbage-first heap   total 61440K, used 51358K [0x0000000081200000, 0x0000000100000000)
  region size 1024K, 31 young (31744K), 4 survivors (4096K)
 Metaspace       used 48474K, committed 49024K, reserved 1114112K
  class space    used 6671K, committed 6912K, reserved 1048576K
}
Event: 5.983 GC heap after
{Heap after GC invocations=12 (full 0):
 garbage-first heap   total 61440K, used 25124K [0x0000000081200000, 0x0000000100000000)
  region size 1024K, 2 young (2048K), 2 survivors (2048K)
 Metaspace       used 48474K, committed 49024K, reserved 1114112K
  class space    used 6671K, committed 6912K, reserved 1048576K
}
Event: 6.642 GC heap before
{Heap before GC invocations=12 (full 0):
 garbage-first heap   total 61440K, used 52772K [0x0000000081200000, 0x0000000100000000)
  region size 1024K, 29 young (29696K), 2 survivors (2048K)
 Metaspace       used 54387K, committed 54912K, reserved 1114112K
  class space    used 7699K, committed 7936K, reserved 1048576K
}
Event: 6.652 GC heap after
{Heap after GC invocations=13 (full 0):
 garbage-first heap   total 61440K, used 25964K [0x0000000081200000, 0x0000000100000000)
  region size 1024K, 3 young (3072K), 3 survivors (3072K)
 Metaspace       used 54387K, committed 54912K, reserved 1114112K
  class space    used 7699K, committed 7936K, reserved 1048576K
}
Event: 7.439 GC heap before
{Heap before GC invocations=13 (full 0):
 garbage-first heap   total 61440K, used 53612K [0x0000000081200000, 0x0000000100000000)
  region size 1024K, 30 young (30720K), 3 survivors (3072K)
 Metaspace       used 59782K, committed 60416K, reserved 1114112K
  class space    used 8418K, committed 8704K, reserved 1048576K
}
Event: 7.450 GC heap after
{Heap after GC invocations=14 (full 0):
 garbage-first heap   total 61440K, used 27669K [0x0000000081200000, 0x0000000100000000)
  region size 1024K, 3 young (3072K), 3 survivors (3072K)
 Metaspace       used 59782K, committed 60416K, reserved 1114112K
  class space    used 8418K, committed 8704K, reserved 1048576K
}
Event: 7.568 GC heap before
{Heap before GC invocations=14 (full 0):
 garbage-first heap   total 61440K, used 31765K [0x0000000081200000, 0x0000000100000000)
  region size 1024K, 8 young (8192K), 3 survivors (3072K)
 Metaspace       used 60462K, committed 61056K, reserved 1114112K
  class space    used 8549K, committed 8768K, reserved 1048576K
}
Event: 7.576 GC heap after
{Heap after GC invocations=15 (full 0):
 garbage-first heap   total 73728K, used 28163K [0x0000000081200000, 0x0000000100000000)
  region size 1024K, 3 young (3072K), 3 survivors (3072K)
 Metaspace       used 60462K, committed 61056K, reserved 1114112K
  class space    used 8549K, committed 8768K, reserved 1048576K
}
Event: 8.099 GC heap before
{Heap before GC invocations=16 (full 0):
 garbage-first heap   total 73728K, used 64003K [0x0000000081200000, 0x0000000100000000)
  region size 1024K, 38 young (38912K), 3 survivors (3072K)
 Metaspace       used 62421K, committed 63104K, reserved 1114112K
  class space    used 8915K, committed 9216K, reserved 1048576K
}
Event: 8.108 GC heap after
{Heap after GC invocations=17 (full 0):
 garbage-first heap   total 73728K, used 30342K [0x0000000081200000, 0x0000000100000000)
  region size 1024K, 5 young (5120K), 5 survivors (5120K)
 Metaspace       used 62421K, committed 63104K, reserved 1114112K
  class space    used 8915K, committed 9216K, reserved 1048576K
}
Event: 8.533 GC heap before
{Heap before GC invocations=17 (full 0):
 garbage-first heap   total 73728K, used 62086K [0x0000000081200000, 0x0000000100000000)
  region size 1024K, 36 young (36864K), 5 survivors (5120K)
 Metaspace       used 64650K, committed 65344K, reserved 1114112K
  class space    used 9237K, committed 9536K, reserved 1048576K
}
Event: 8.545 GC heap after
{Heap after GC invocations=18 (full 0):
 garbage-first heap   total 73728K, used 32086K [0x0000000081200000, 0x0000000100000000)
  region size 1024K, 5 young (5120K), 5 survivors (5120K)
 Metaspace       used 64650K, committed 65344K, reserved 1114112K
  class space    used 9237K, committed 9536K, reserved 1048576K
}
Event: 100.994 GC heap before
{Heap before GC invocations=18 (full 0):
 garbage-first heap   total 73728K, used 62806K [0x0000000081200000, 0x0000000100000000)
  region size 1024K, 35 young (35840K), 5 survivors (5120K)
 Metaspace       used 68660K, committed 69376K, reserved 1114112K
  class space    used 9820K, committed 10176K, reserved 1048576K
}
Event: 101.009 GC heap after
{Heap after GC invocations=19 (full 0):
 garbage-first heap   total 73728K, used 34902K [0x0000000081200000, 0x0000000100000000)
  region size 1024K, 5 young (5120K), 5 survivors (5120K)
 Metaspace       used 68660K, committed 69376K, reserved 1114112K
  class space    used 9820K, committed 10176K, reserved 1048576K
}
Event: 172.025 GC heap before
{Heap before GC invocations=19 (full 0):
 garbage-first heap   total 73728K, used 61526K [0x0000000081200000, 0x0000000100000000)
  region size 1024K, 32 young (32768K), 5 survivors (5120K)
 Metaspace       used 73576K, committed 74368K, reserved 1114112K
  class space    used 10548K, committed 10880K, reserved 1048576K
}
Event: 172.036 GC heap after
{Heap after GC invocations=20 (full 0):
 garbage-first heap   total 73728K, used 36230K [0x0000000081200000, 0x0000000100000000)
  region size 1024K, 2 young (2048K), 2 survivors (2048K)
 Metaspace       used 73576K, committed 74368K, reserved 1114112K
  class space    used 10548K, committed 10880K, reserved 1048576K
}

